<?xml version="1.0" encoding="UTF-8"?>
<testng-results ignored="0" total="2" passed="2" failed="0" skipped="0">
  <reporter-output>
    <line>
      <![CDATA[hi nischal sir]]>
    </line>
    <line>
      <![CDATA[hi karthik sir]]>
    </line>
  </reporter-output>
  <suite started-at="2022-08-28T13:58:02 IST" name="Suite" finished-at="2022-08-28T13:58:02 IST" duration-ms="63">
    <groups>
    </groups>
    <test started-at="2022-08-28T13:58:02 IST" name="Test" finished-at="2022-08-28T13:58:02 IST" duration-ms="63">
      <class name="scripts.Testcase2">
        <test-method signature="tc1()[pri:0, instance:scripts.Testcase2@d29f28]" started-at="2022-08-28T13:58:02 IST" name="tc1" finished-at="2022-08-28T13:58:02 IST" duration-ms="15" status="PASS">
          <reporter-output>
            <line>
              <![CDATA[hi nischal sir]]>
            </line>
          </reporter-output>
        </test-method> <!-- tc1 -->
      </class> <!-- scripts.Testcase2 -->
      <class name="scripts.Testcase1">
        <test-method signature="tc1()[pri:0, instance:scripts.Testcase1@2b48a640]" started-at="2022-08-28T13:58:02 IST" name="tc1" finished-at="2022-08-28T13:58:02 IST" duration-ms="2" status="PASS">
          <reporter-output>
            <line>
              <![CDATA[hi karthik sir]]>
            </line>
          </reporter-output>
        </test-method> <!-- tc1 -->
      </class> <!-- scripts.Testcase1 -->
    </test> <!-- Test -->
  </suite> <!-- Suite -->
</testng-results>
